0 info it worked if it ends with ok
1 verbose cli [ 'C:\\Program Files (x86)\\nodejs\\node.exe',
1 verbose cli   'C:\\Users\\Andrew\\AppData\\Roaming\\npm\\node_modules\\npm\\bin\\npm-cli.js',
1 verbose cli   'run',
1 verbose cli   'test:challenge_4' ]
2 info using npm@3.7.1
3 info using node@v4.3.0
4 verbose run-script [ 'pretest:challenge_4',
4 verbose run-script   'test:challenge_4',
4 verbose run-script   'posttest:challenge_4' ]
5 info lifecycle react-boilerplate@1.0.0~pretest:challenge_4: react-boilerplate@1.0.0
6 silly lifecycle react-boilerplate@1.0.0~pretest:challenge_4: no script for pretest:challenge_4, continuing
7 info lifecycle react-boilerplate@1.0.0~test:challenge_4: react-boilerplate@1.0.0
8 verbose lifecycle react-boilerplate@1.0.0~test:challenge_4: unsafe-perm in lifecycle true
9 verbose lifecycle react-boilerplate@1.0.0~test:challenge_4: PATH: C:\Users\Andrew\AppData\Roaming\npm\node_modules\npm\bin\node-gyp-bin;C:\Users\Andrew\Projects\introduction-to-react\node_modules\.bin;C:\Program Files (x86)\nodejs;C:\Users\Andrew\AppData\Roaming\npm;C:\Program Files (x86)\nodejs\;C:\ProgramData\Oracle\Java\javapath;C:\Program Files (x86)\Intel\iCLS Client\;C:\Program Files\Intel\iCLS Client\;C:\Windows\system32;C:\Windows;C:\Windows\System32\Wbem;C:\Windows\System32\WindowsPowerShell\v1.0\;C:\Program Files\Intel\Intel(R) Management Engine Components\DAL;C:\Program Files\Intel\Intel(R) Management Engine Components\IPT;C:\Program Files (x86)\Intel\Intel(R) Management Engine Components\DAL;C:\Program Files (x86)\Intel\Intel(R) Management Engine Components\IPT;C:\Program Files (x86)\ATI Technologies\ATI.ACE\Core-Static;C:\Program Files\Intel\WiFi\bin\;C:\Program Files\Common Files\Intel\WirelessCommon\;C:\Program Files (x86)\AMD\ATI.ACE\Core-Static;C:\Program Files (x86)\QuickTime\QTSystem\;C:\Program Files (x86)\Brackets\command;C:\Program Files (x86)\Git\cmd;C:\Program Files (x86)\Skype\Phone\;C:\Program Files (x86)\nodejs\;C:\Program Files (x86)\Java\jre7\bin;C:\Users\Andrew\AppData\Roaming\npm
10 verbose lifecycle react-boilerplate@1.0.0~test:challenge_4: CWD: C:\Users\Andrew\Projects\introduction-to-react
11 silly lifecycle react-boilerplate@1.0.0~test:challenge_4: Args: [ '/d /s /c',
11 silly lifecycle   'mocha --compilers js:babel-core/register --require ./test/test_helper.js ./test/4_styles_test.js' ]
12 silly lifecycle react-boilerplate@1.0.0~test:challenge_4: Returned: code: 1  signal: null
13 info lifecycle react-boilerplate@1.0.0~test:challenge_4: Failed to exec test:challenge_4 script
14 verbose stack Error: react-boilerplate@1.0.0 test:challenge_4: `mocha --compilers js:babel-core/register --require ./test/test_helper.js ./test/4_styles_test.js`
14 verbose stack Exit status 1
14 verbose stack     at EventEmitter.<anonymous> (C:\Users\Andrew\AppData\Roaming\npm\node_modules\npm\lib\utils\lifecycle.js:239:16)
14 verbose stack     at emitTwo (events.js:87:13)
14 verbose stack     at EventEmitter.emit (events.js:172:7)
14 verbose stack     at ChildProcess.<anonymous> (C:\Users\Andrew\AppData\Roaming\npm\node_modules\npm\lib\utils\spawn.js:24:14)
14 verbose stack     at emitTwo (events.js:87:13)
14 verbose stack     at ChildProcess.emit (events.js:172:7)
14 verbose stack     at maybeClose (internal/child_process.js:821:16)
14 verbose stack     at Process.ChildProcess._handle.onexit (internal/child_process.js:211:5)
15 verbose pkgid react-boilerplate@1.0.0
16 verbose cwd C:\Users\Andrew\Projects\introduction-to-react
17 error Windows_NT 6.3.9600
18 error argv "C:\\Program Files (x86)\\nodejs\\node.exe" "C:\\Users\\Andrew\\AppData\\Roaming\\npm\\node_modules\\npm\\bin\\npm-cli.js" "run" "test:challenge_4"
19 error node v4.3.0
20 error npm  v3.7.1
21 error code ELIFECYCLE
22 error react-boilerplate@1.0.0 test:challenge_4: `mocha --compilers js:babel-core/register --require ./test/test_helper.js ./test/4_styles_test.js`
22 error Exit status 1
23 error Failed at the react-boilerplate@1.0.0 test:challenge_4 script 'mocha --compilers js:babel-core/register --require ./test/test_helper.js ./test/4_styles_test.js'.
23 error Make sure you have the latest version of node.js and npm installed.
23 error If you do, this is most likely a problem with the react-boilerplate package,
23 error not with npm itself.
23 error Tell the author that this fails on your system:
23 error     mocha --compilers js:babel-core/register --require ./test/test_helper.js ./test/4_styles_test.js
23 error You can get information on how to open an issue for this project with:
23 error     npm bugs react-boilerplate
23 error Or if that isn't available, you can get their info via:
23 error     npm owner ls react-boilerplate
23 error There is likely additional logging output above.
24 verbose exit [ 1, true ]
